Arguments: 
  C:\Program Files\nodejs\node.exe C:\Program Files (x86)\Yarn\bin\yarn.js add @types/jasmin awesome-typescript-loader cross-env ejs-loader eslint html-loader html-webpack-plugin istanbul-instrumenter-loader jasmin jasmin-core jquery karma karma-chrome-launcher karma-coverage-istanbul-reporter karma-jasmin karma-sourcemap-loader

PATH: 
  C:\Users\PC\bin;C:\Users\PC\vendor\bin;C:\Users\PC\vendor\conemu-maximus5\ConEmu\Scripts;C:\Users\PC\vendor\conemu-maximus5;C:\Users\PC\vendor\conemu-maximus5\ConEmu;C:\Program Files (x86)\Common Files\Intel\Shared Libraries\redist\intel64\compiler;C:\Program Files (x86)\Intel\iCLS Client\;C:\Program Files\Intel\iCLS Client\;C:\Windows\system32;C:\Windows;C:\Windows\System32\Wbem;C:\Windows\System32\WindowsPowerShell\v1.0\;C:\Program Files (x86)\Intel\Intel(R) Management Engine Components\DAL;C:\Program Files\Intel\Intel(R) Management Engine Components\DAL;C:\Program Files (x86)\Intel\Intel(R) Management Engine Components\IPT;C:\Program Files\Intel\Intel(R) Management Engine Components\IPT;C:\Program Files (x86)\NVIDIA Corporation\PhysX\Common;C:\WINDOWS\system32;C:\WINDOWS;C:\WINDOWS\System32\Wbem;C:\WINDOWS\System32\WindowsPowerShell\v1.0\;C:\WINDOWS\System32\OpenSSH\;C:\Program Files\dotnet\;C:\Program Files\Microsoft SQL Server\130\Tools\Binn\;C:\Program Files\MongoDB\Server\4.2\bin;C:\HashiCorp\Vagrant\bin;C:\Program Files (x86)\Yarn\bin\;C:\Users\PC\AppData\Roaming\nvm;C:\Program Files\nodejs;C:\ProgramData\chocolatey\bin;C:\Program Files\gettext-iconv\bin;C:\ProgramData\ComposerSetup\bin;C:\Program Files\Symfony;C:\Program Files\MySQL\MySQL Server 5.5\bin;C:\Users\PC\AppData\Local\Programs\Python\Python37-32\Scripts\;C:\Users\PC\AppData\Local\Programs\Python\Python37-32\;C:\Users\PC\AppData\Local\Microsoft\WindowsApps;C:\Users\PC\AppData\Local\GitHubDesktop\bin;C:\Users\PC\AppData\Local\atom\bin;C:\Users\PC\AppData\Roaming\npm;C:\Users\PC\AppData\Local\Microsoft\WindowsApps;C:\Users\PC\AppData\Local\Programs\Microsoft VS Code\bin;C:\Users\PC\AppData\Local\Yarn\bin;C:\Users\PC\AppData\Roaming\nvm;C:\Program Files\nodejs;C:\Program Files\heroku\bin;C:\PHP;C:\Users\PC\AppData\Roaming\Composer\vendor\bin;C:\Users\PC\vendor\git-for-windows\cmd;C:\Users\PC\vendor\git-for-windows\mingw64\bin;C:\Users\PC\vendor\git-for-windows\usr\bin;C:\Users\PC

Yarn version: 
  1.22.0

Node version: 
  12.11.1

Platform: 
  win32 x64

Trace: 
  Error: https://registry.yarnpkg.com/@types%2fjasmin: Not found
      at Request.params.callback [as _callback] (C:\Program Files (x86)\Yarn\lib\cli.js:66084:18)
      at Request.self.callback (C:\Program Files (x86)\Yarn\lib\cli.js:140727:22)
      at Request.emit (events.js:210:5)
      at Request.<anonymous> (C:\Program Files (x86)\Yarn\lib\cli.js:141699:10)
      at Request.emit (events.js:210:5)
      at IncomingMessage.<anonymous> (C:\Program Files (x86)\Yarn\lib\cli.js:141621:12)
      at Object.onceWrapper (events.js:299:28)
      at IncomingMessage.emit (events.js:215:7)
      at endReadableNT (_stream_readable.js:1183:12)
      at processTicksAndRejections (internal/process/task_queues.js:80:21)

npm manifest: 
  {
    "name": "jquery-range-slider",
    "version": "1.0.0",
    "description": "The second task for fsd",
    "main": "index.js",
    "scripts": {
      "test": "echo \"Error: no test specified\" && exit 1"
    },
    "repository": {
      "type": "git",
      "url": "git+https://github.com/Res01uti0n/Jquery-range-slider-plugin.git"
    },
    "keywords": [
      "jquery",
      "typescript"
    ],
    "author": "resolution",
    "license": "MIT",
    "bugs": {
      "url": "https://github.com/Res01uti0n/Jquery-range-slider-plugin/issues"
    },
    "homepage": "https://github.com/Res01uti0n/Jquery-range-slider-plugin#readme"
  }

yarn manifest: 
  No manifest

Lockfile: 
  No lockfile
